[0mGET /api/employees [32m200[0m 6.955 ms - 26[0m
[0mGET /api/employees [32m200[0m 5.618 ms - 26[0m
[0mGET /favicon.ico [33m404[0m 2.341 ms - 150[0m
[0mGET /api/employees [32m200[0m 1.968 ms - 26[0m
[0mPOST /api/employees [32m201[0m 22.885 ms - 125[0m
[0mPOST /api/employees [32m201[0m 2.137 ms - 124[0m
[0mGET /api/employees [32m200[0m 1.920 ms - 228[0m
[0mPOST /api/employees [32m201[0m 2.634 ms - 124[0m
[0mPUT /api/employees/3 [32m200[0m 7.262 ms - 124[0m
[0mGET /api/employees [32m200[0m 1.634 ms - 329[0m
[0mPOST /api/employees [32m201[0m 1.974 ms - 124[0m
[0mDELETE /api/employees/4 [32m200[0m 2.398 ms - 25[0m
[0mGET /api/employees [32m200[0m 1.981 ms - 329[0m
[0mGET /api/employees [36m304[0m 14.393 ms - -[0m
[0mGET /api/employees [36m304[0m 5.427 ms - -[0m
[0mGET /api/employees [36m304[0m 4.301 ms - -[0m
[0mGET /api/employees [36m304[0m 10.605 ms - -[0m
[0mGET /api/employees [36m304[0m 3.788 ms - -[0m
[0mGET /api/employees [36m304[0m 5.931 ms - -[0m
[0mGET /api/employees [36m304[0m 5.264 ms - -[0m
[0mGET /api/employees [36m304[0m 5.022 ms - -[0m
[0mGET /api/employees [36m304[0m 2.885 ms - -[0m
[0mGET /api/employees [36m304[0m 2.464 ms - -[0m
[0mGET /api/employees [36m304[0m 4.823 ms - -[0m
[0mGET /api/employees [32m200[0m 1.791 ms - 26[0m
[0mPOST /api/employees [32m201[0m 77.162 ms - 124[0m
[0mPOST /api/employees [32m201[0m 64.197 ms - 124[0m
[0mPOST /api/employees [32m201[0m 66.290 ms - 154[0m
[0mGET /api/employees [32m200[0m 3.709 ms - 410[0m
[0mGET /api/employees [36m304[0m 2.876 ms - -[0m
[0mGET /api/employees [36m304[0m 9.800 ms - -[0m
[0mGET /api/employees [36m304[0m 3.482 ms - -[0m
[0mGET /api/employees [36m304[0m 8.801 ms - -[0m
[0mGET /api/employees [36m304[0m 3.212 ms - -[0m
[0mGET /api/employees [36m304[0m 2.678 ms - -[0m
[0mGET /api/employees [36m304[0m 2.967 ms - -[0m
[0mGET /api/employees [36m304[0m 7.421 ms - -[0m
[0mGET /api/employees [36m304[0m 5.294 ms - -[0m
[0mGET /api/employees [36m304[0m 1.721 ms - -[0m
[0mGET /api/employees [36m304[0m 3.518 ms - -[0m
[0mGET /api/employees [36m304[0m 8.280 ms - -[0m
[0mGET /api/employees [36m304[0m 2.683 ms - -[0m
[0mGET /api/employees [36m304[0m 9.196 ms - -[0m
[0mGET /api/employees [36m304[0m 9.147 ms - -[0m
[0mGET /api/employees [36m304[0m 4.784 ms - -[0m
[0mGET /api/employees [36m304[0m 2.745 ms - -[0m
[0mGET /api/employees [36m304[0m 2.603 ms - -[0m
[0mGET /api/employees [36m304[0m 7.876 ms - -[0m
[0mGET /api/employees [36m304[0m 3.019 ms - -[0m
[0mGET /api/employees [36m304[0m 2.878 ms - -[0m
[0mGET /api/employees [36m304[0m 1.973 ms - -[0m
[0mGET /api/employees [36m304[0m 4.463 ms - -[0m
[0mGET /api/employees [36m304[0m 3.083 ms - -[0m
[0mGET /api/employees [36m304[0m 2.810 ms - -[0m
[0mGET /api/employees [36m304[0m 19.844 ms - -[0m
[0mGET /api/employees [36m304[0m 2.530 ms - -[0m
[0mGET /api/employees [36m304[0m 3.295 ms - -[0m
[0mGET /api/employees [36m304[0m 4.842 ms - -[0m
[0mGET /api/employees [36m304[0m 3.088 ms - -[0m
[0mGET /api/employees [36m304[0m 2.907 ms - -[0m
[0mGET /api/employees [36m304[0m 2.611 ms - -[0m
[0mGET /api/employees [36m304[0m 2.584 ms - -[0m
[0mGET /api/employees [36m304[0m 8.610 ms - -[0m
[0mGET /api/employees [36m304[0m 2.378 ms - -[0m
[0mGET /api/employees [36m304[0m 2.799 ms - -[0m
[0mGET /api/employees [36m304[0m 10.035 ms - -[0m
[0mGET /api/employees [36m304[0m 3.784 ms - -[0m
[0mGET /api/employees [36m304[0m 3.156 ms - -[0m
[0mGET /api/employees [36m304[0m 3.561 ms - -[0m
[0mGET /api/employees [36m304[0m 5.173 ms - -[0m
[0mGET /api/employees [36m304[0m 4.393 ms - -[0m
[0mGET /api/employees [36m304[0m 3.353 ms - -[0m
[0mGET /api/employees [36m304[0m 2.304 ms - -[0m
[0mGET /api/employees [36m304[0m 2.490 ms - -[0m
[0mGET /api/employees [36m304[0m 2.663 ms - -[0m
[0mGET /api/employees [36m304[0m 2.388 ms - -[0m
[0mGET /api/employees [36m304[0m 6.047 ms - -[0m
[0mGET /api/employees [36m304[0m 19.169 ms - -[0m
[0mGET /api/employees [36m304[0m 7.739 ms - -[0m
[0mGET /api/employees [36m304[0m 6.259 ms - -[0m
[0mGET /api/employees [36m304[0m 3.745 ms - -[0m
[0mGET /api/employees [36m304[0m 3.554 ms - -[0m
[0mGET /api/employees [36m304[0m 3.241 ms - -[0m
[0mGET /api/employees [36m304[0m 2.671 ms - -[0m
[0mGET /api/employees [36m304[0m 7.608 ms - -[0m
[0mGET /api/employees [36m304[0m 2.247 ms - -[0m
[0mGET /api/employees [36m304[0m 6.362 ms - -[0m
[0mGET /api/employees [36m304[0m 4.094 ms - -[0m
[0mGET /api/employees [36m304[0m 2.618 ms - -[0m
[0mGET /api/employees [36m304[0m 2.343 ms - -[0m
[0mGET /api/employees [36m304[0m 2.338 ms - -[0m
[0mGET /api/employees [36m304[0m 2.552 ms - -[0m
[0mGET /api/employees [36m304[0m 8.680 ms - -[0m
[0mGET /api/employees [36m304[0m 10.569 ms - -[0m
[0mGET /api/employees [36m304[0m 5.521 ms - -[0m
[0mGET /api/employees [36m304[0m 2.760 ms - -[0m
[0mGET /api/employees [36m304[0m 4.353 ms - -[0m
[0mGET /api/employees [36m304[0m 12.059 ms - -[0m
[0mGET /api/employees [36m304[0m 2.263 ms - -[0m
[0mGET /api/employees [36m304[0m 4.677 ms - -[0m
[0mGET /api/employees [36m304[0m 13.343 ms - -[0m
[0mGET /api/employees [36m304[0m 11.131 ms - -[0m
[0mGET /api/employees [36m304[0m 2.166 ms - -[0m
[0mGET /api/employees [36m304[0m 5.250 ms - -[0m
[0mGET /api/employees [36m304[0m 7.302 ms - -[0m
[0mGET /api/employees [36m304[0m 5.613 ms - -[0m
[0mGET /api/employees [36m304[0m 6.779 ms - -[0m
[0mGET /api/employees [36m304[0m 4.403 ms - -[0m
[0mGET /api/employees [36m304[0m 17.014 ms - -[0m
[0mGET /api/employees [36m304[0m 8.502 ms - -[0m
[0mGET /api/employees [36m304[0m 9.221 ms - -[0m
[0mGET /api/employees [36m304[0m 9.277 ms - -[0m
[0mGET /api/employees [36m304[0m 3.613 ms - -[0m
[0mGET /api/employees [36m304[0m 25.737 ms - -[0m
[0mGET /api/employees [36m304[0m 3.374 ms - -[0m
[0mGET /api/employees [36m304[0m 4.635 ms - -[0m
[0mGET /api/employees [36m304[0m 8.362 ms - -[0m
[0mGET /api/employees [36m304[0m 7.069 ms - -[0m
[0mGET /api/employees [36m304[0m 4.027 ms - -[0m
[0mGET /api/employees [36m304[0m 2.553 ms - -[0m
[0mGET /api/employees [36m304[0m 1.986 ms - -[0m
[0mGET /api/employees [36m304[0m 8.669 ms - -[0m
[0mGET /api/employees [36m304[0m 8.244 ms - -[0m
[0mGET /api/employees [36m304[0m 3.402 ms - -[0m
[0mGET /api/employees [36m304[0m 8.653 ms - -[0m
[0mGET /api/employees [36m304[0m 6.615 ms - -[0m
[0mGET /api/employees [36m304[0m 23.378 ms - -[0m
[0mGET /api/employees [36m304[0m 2.416 ms - -[0m
[0mGET /api/employees [36m304[0m 2.377 ms - -[0m
[0mGET /api/employees [36m304[0m 4.298 ms - -[0m
[0mGET /api/employees [36m304[0m 6.003 ms - -[0m
[0mGET /api/employees [36m304[0m 10.649 ms - -[0m
[0mGET /api/employees [36m304[0m 8.682 ms - -[0m
[0mGET /api/employees [36m304[0m 5.896 ms - -[0m
[0mGET /api/employees [36m304[0m 13.882 ms - -[0m
[0mGET /api/employees [36m304[0m 6.901 ms - -[0m
[0mGET /api/employees [36m304[0m 5.545 ms - -[0m
[0mGET /api/employees [36m304[0m 2.201 ms - -[0m
[0mGET /api/employees [36m304[0m 5.948 ms - -[0m
[0mGET /api/employees [36m304[0m 9.427 ms - -[0m
[0mGET /api/employees [36m304[0m 3.696 ms - -[0m
[0mGET /api/employees [36m304[0m 2.165 ms - -[0m
[0mGET /api/employees [36m304[0m 5.487 ms - -[0m
[0mGET /api/employees [36m304[0m 4.915 ms - -[0m
[0mGET /api/employees [36m304[0m 2.481 ms - -[0m
[0mGET /api/employees [36m304[0m 3.037 ms - -[0m
[0mGET /api/employees [36m304[0m 3.300 ms - -[0m
[0mGET /api/employees [36m304[0m 4.192 ms - -[0m
[0mGET /api/employees [36m304[0m 6.035 ms - -[0m
[0mGET /api/employees [36m304[0m 6.938 ms - -[0m
[0mGET /api/employees [36m304[0m 2.850 ms - -[0m
[0mGET /api/employees [36m304[0m 3.640 ms - -[0m
[0mGET /api/employees [36m304[0m 5.629 ms - -[0m
[0mGET /api/employees [36m304[0m 12.534 ms - -[0m
[0mGET /api/employees [36m304[0m 2.131 ms - -[0m
[0mGET /api/employees [36m304[0m 3.412 ms - -[0m
[0mGET /api/employees [36m304[0m 3.115 ms - -[0m
[0mGET /api/employees [36m304[0m 5.053 ms - -[0m
[0mGET /api/employees [36m304[0m 5.976 ms - -[0m
[0mGET /api/employees [36m304[0m 4.399 ms - -[0m
[0mGET /api/employees [36m304[0m 2.588 ms - -[0m
[0mGET /api/employees [36m304[0m 2.318 ms - -[0m
[0mGET /api/employees [36m304[0m 8.354 ms - -[0m
[0mGET /api/employees [36m304[0m 4.113 ms - -[0m
[0mGET /api/employees [36m304[0m 4.991 ms - -[0m
[0mGET /api/employees [36m304[0m 11.426 ms - -[0m
[0mGET /api/employees [36m304[0m 4.311 ms - -[0m
[0mGET /api/employees [36m304[0m 5.120 ms - -[0m
[0mGET /api/employees [36m304[0m 6.771 ms - -[0m
[0mGET /api/employees [36m304[0m 4.279 ms - -[0m
[0mGET /api/employees [36m304[0m 3.695 ms - -[0m
[0mGET /api/employees [36m304[0m 11.885 ms - -[0m
[0mOPTIONS /api/employees [32m204[0m 0.585 ms - 0[0m
[0mPOST /api/employees [32m201[0m 35.023 ms - 157[0m
[0mGET /api/employees [32m200[0m 5.773 ms - 929[0m
[0mGET /api/employees [32m200[0m 2.333 ms - 929[0m
[0mGET /api/employees [36m304[0m 4.331 ms - -[0m
[0mGET /api/employees [36m304[0m 3.937 ms - -[0m
[0mGET /api/employees [36m304[0m 3.251 ms - -[0m
[0mGET /api/employees [36m304[0m 3.245 ms - -[0m
[0mGET /api/employees [36m304[0m 3.239 ms - -[0m
[0mGET /api/employees [36m304[0m 2.612 ms - -[0m
[0mGET /api/employees [36m304[0m 3.429 ms - -[0m
[0mGET /api/employees [36m304[0m 3.574 ms - -[0m
[0mGET /api/employees [36m304[0m 3.926 ms - -[0m
[0mGET /api/employees [36m304[0m 2.886 ms - -[0m
[0mGET /api/employees [36m304[0m 3.284 ms - -[0m
[0mGET /api/employees [36m304[0m 3.712 ms - -[0m
[0mGET /api/employees [36m304[0m 3.050 ms - -[0m
[0mGET /api/employees [36m304[0m 3.112 ms - -[0m
[0mGET /api/employees [36m304[0m 2.770 ms - -[0m
[0mGET /api/employees [36m304[0m 3.246 ms - -[0m
[0mGET /api/employees [36m304[0m 2.924 ms - -[0m
[0mGET /api/employees [36m304[0m 2.775 ms - -[0m
[0mGET /api/employees [36m304[0m 3.144 ms - -[0m
[0mGET /api/employees [36m304[0m 2.544 ms - -[0m
[0mGET /api/employees [36m304[0m 2.854 ms - -[0m
[0mGET /api/employees [36m304[0m 3.100 ms - -[0m
[0mGET /api/employees [36m304[0m 3.779 ms - -[0m
[0mGET /api/employees [36m304[0m 2.652 ms - -[0m
[0mGET /api/employees [36m304[0m 2.708 ms - -[0m
[0mGET /api/employees [36m304[0m 2.426 ms - -[0m
[0mGET /api/employees [36m304[0m 2.297 ms - -[0m
[0mGET /api/employees [36m304[0m 3.122 ms - -[0m
[0mGET /api/employees [36m304[0m 2.745 ms - -[0m
[0mGET /api/employees [36m304[0m 2.457 ms - -[0m
[0mGET /api/employees [36m304[0m 2.430 ms - -[0m
[0mGET /api/employees [36m304[0m 2.368 ms - -[0m
[0mGET /api/employees [36m304[0m 2.389 ms - -[0m
[0mGET /api/employees [36m304[0m 3.009 ms - -[0m
[0mGET /api/employees [36m304[0m 2.799 ms - -[0m
[0mGET /api/employees [36m304[0m 2.419 ms - -[0m
[0mGET /api/employees [36m304[0m 3.118 ms - -[0m
[0mGET /api/employees [36m304[0m 2.716 ms - -[0m
[0mGET /api/employees [36m304[0m 3.037 ms - -[0m
[0mGET /api/employees [36m304[0m 2.968 ms - -[0m
[0mGET /api/employees [36m304[0m 2.710 ms - -[0m
[0mGET /api/employees [36m304[0m 2.465 ms - -[0m
[0mGET /api/employees [36m304[0m 2.931 ms - -[0m
[0mGET /api/employees [36m304[0m 2.738 ms - -[0m
[0mGET /api/employees [36m304[0m 3.717 ms - -[0m
[0mGET /api/employees [36m304[0m 3.061 ms - -[0m
[0mGET /api/employees [36m304[0m 3.510 ms - -[0m
[0mGET /api/employees [36m304[0m 2.941 ms - -[0m
[0mGET /api/employees [36m304[0m 3.557 ms - -[0m
[0mGET /api/employees [36m304[0m 2.759 ms - -[0m
[0mGET /api/employees [36m304[0m 2.886 ms - -[0m
[0mGET /api/employees [36m304[0m 2.827 ms - -[0m
[0mGET /api/employees [36m304[0m 2.714 ms - -[0m
[0mGET /api/employees [36m304[0m 3.278 ms - -[0m
[0mGET /api/employees [36m304[0m 2.072 ms - -[0m
[0mGET /api/employees [36m304[0m 3.029 ms - -[0m
[0mGET /api/employees [36m304[0m 2.736 ms - -[0m
[0mGET /api/employees [36m304[0m 2.420 ms - -[0m
[0mGET /api/employees [36m304[0m 2.619 ms - -[0m
[0mGET /api/employees [36m304[0m 2.351 ms - -[0m
[0mGET /api/employees [36m304[0m 2.607 ms - -[0m
[0mGET /api/employees [36m304[0m 2.359 ms - -[0m
[0mGET /api/employees [36m304[0m 2.640 ms - -[0m
[0mGET /api/employees [36m304[0m 2.234 ms - -[0m
[0mGET /api/employees [36m304[0m 2.474 ms - -[0m
[0mGET /api/employees [36m304[0m 3.108 ms - -[0m
[0mGET /api/employees [36m304[0m 2.663 ms - -[0m
[0mGET /api/employees [36m304[0m 3.274 ms - -[0m
[0mGET /api/employees [36m304[0m 2.262 ms - -[0m
[0mGET /api/employees [36m304[0m 2.345 ms - -[0m
[0mGET /api/employees [36m304[0m 2.221 ms - -[0m
[0mGET /api/employees [36m304[0m 2.402 ms - -[0m
[0mGET /api/employees [36m304[0m 2.181 ms - -[0m
[0mGET /api/employees [36m304[0m 2.672 ms - -[0m
[0mGET /api/employees [36m304[0m 2.331 ms - -[0m
[0mGET /api/employees [36m304[0m 2.183 ms - -[0m
[0mGET /api/employees [36m304[0m 2.229 ms - -[0m
[0mGET /api/employees [36m304[0m 2.426 ms - -[0m
[0mGET /api/employees [36m304[0m 2.453 ms - -[0m
[0mGET /api/employees [36m304[0m 2.368 ms - -[0m
[0mGET /api/employees/1 [33m404[0m 1.966 ms - 154[0m
[0mGET /api/employees [36m304[0m 2.446 ms - -[0m
[0mGET /api/employees/5 [33m404[0m 0.528 ms - 154[0m
[0mGET /api/employees [36m304[0m 3.026 ms - -[0m
[0mGET /api/employees [36m304[0m 2.508 ms - -[0m
[0mOPTIONS /api/employees/5 [32m204[0m 0.212 ms - 0[0m
[0mDELETE /api/employees/5 [32m200[0m 6.371 ms - 25[0m
[0mGET /api/employees [32m200[0m 3.007 ms - 801[0m
[0mGET /api/employees [36m304[0m 2.972 ms - -[0m
[0mOPTIONS /api/employees/4 [32m204[0m 0.132 ms - 0[0m
[0mDELETE /api/employees/4 [32m200[0m 4.409 ms - 25[0m
[0mGET /api/employees [32m200[0m 2.297 ms - 675[0m
[0mGET /api/employees [36m304[0m 2.802 ms - -[0m
[0mGET /api/employees [36m304[0m 2.409 ms - -[0m
[0mGET /api/employees [36m304[0m 2.124 ms - -[0m
[0mGET /api/employees [36m304[0m 3.061 ms - -[0m
[0mGET /api/employees [36m304[0m 2.167 ms - -[0m
[0mGET /api/employees [36m304[0m 2.591 ms - -[0m
[0mGET /api/employees [36m304[0m 2.591 ms - -[0m
[0mGET /api/employees [36m304[0m 2.146 ms - -[0m
[0mOPTIONS /api/employees [32m204[0m 0.162 ms - 0[0m
[0mPOST /api/employees [32m201[0m 14.010 ms - 151[0m
[0mGET /api/employees [32m200[0m 18.152 ms - 791[0m
[0mGET /api/employees [32m200[0m 2.343 ms - 791[0m
[0mOPTIONS /api/employees/8 [32m204[0m 0.186 ms - 0[0m
[0mDELETE /api/employees/8 [32m200[0m 12.249 ms - 25[0m
[0mGET /api/employees [32m200[0m 1.836 ms - 675[0m
[0mGET /api/employees [36m304[0m 2.119 ms - -[0m
[0mGET /api/employees [32m200[0m 14.994 ms - 675[0m
[0mGET /api/employees [36m304[0m 5.230 ms - -[0m
[0mGET /api/employees [36m304[0m 3.376 ms - -[0m
[0mGET /api/employees [36m304[0m 2.957 ms - -[0m
[0mGET /api/employees [36m304[0m 2.625 ms - -[0m
[0mGET /api/employees [36m304[0m 2.920 ms - -[0m
[0mGET /api/employees [36m304[0m 2.994 ms - -[0m
[0mGET /api/employees [36m304[0m 3.348 ms - -[0m
[0mOPTIONS /api/employees/1 [32m204[0m 0.633 ms - 0[0m
[0mDELETE /api/employees/1 [32m200[0m 14.208 ms - 25[0m
[0mGET /api/employees [32m200[0m 2.482 ms - 548[0m
[0mGET /api/employees [36m304[0m 3.572 ms - -[0m
[0mGET /api/employees [36m304[0m 2.946 ms - -[0m
[0mGET /api/employees [36m304[0m 2.669 ms - -[0m
[0mGET /api/employees [36m304[0m 3.435 ms - -[0m
[0mGET /api/employees [36m304[0m 2.417 ms - -[0m
[0mGET /api/employees [36m304[0m 2.350 ms - -[0m
[0mGET /api/employees [36m304[0m 2.569 ms - -[0m
[0mGET /api/employees [36m304[0m 2.552 ms - -[0m
[0mGET /api/employees [36m304[0m 1.917 ms - -[0m
[0mGET /api/employees [36m304[0m 2.243 ms - -[0m
[0mGET /api/employees [36m304[0m 2.772 ms - -[0m
[0mGET /api/employees [36m304[0m 2.055 ms - -[0m
[0mGET /api/employees [36m304[0m 2.026 ms - -[0m
[0mGET /api/employees [36m304[0m 3.241 ms - -[0m
[0mGET /api/employees [36m304[0m 2.606 ms - -[0m
[0mGET /api/employees [36m304[0m 2.373 ms - -[0m
[0mGET /api/employees [36m304[0m 3.462 ms - -[0m
[0mGET /api/employees [36m304[0m 2.226 ms - -[0m
[0mGET /api/employees [36m304[0m 2.205 ms - -[0m
[0mGET /api/employees [36m304[0m 2.638 ms - -[0m
[0mGET /api/employees [36m304[0m 2.106 ms - -[0m
[0mGET /api/employees [36m304[0m 2.306 ms - -[0m
[0mGET /api/employees [36m304[0m 2.109 ms - -[0m
[0mGET /api/employees [36m304[0m 2.121 ms - -[0m
[0mGET /api/employees [36m304[0m 2.747 ms - -[0m
[0mOPTIONS /api/employees [32m204[0m 0.249 ms - 0[0m
[0mPOST /api/employees [32m201[0m 30.491 ms - 146[0m
[0mGET /api/employees [32m200[0m 32.943 ms - 659[0m
[0mGET /api/employees [32m200[0m 2.113 ms - 659[0m
[0mGET /api/employees [36m304[0m 2.766 ms - -[0m
